<?xml version="1.0" encoding="UTF-8"?>
<testsuite xmlns:xsi="http://www.w3.org/2001/XMLSchema-instance" xsi:noNamespaceSchemaLocation="https://maven.apache.org/surefire/maven-surefire-plugin/xsd/surefire-test-report.xsd" version="3.0.2" name="com.ai_project.MistralAi.MistralAiApplicationTests" time="18.277" tests="1" errors="0" skipped="0" failures="0">
  <properties>
[...]
</properties>
  <testcase name="contextLoads" classname="com.ai_project.MistralAi.MistralAiApplicationTests" time="3.884">
    <system-out><![CDATA[17:14:49.487 [main] INFO org.springframework.test.context.support.AnnotationConfigContextLoaderUtils -- Could not detect default configuration classes for test class [com.ai_project.MistralAi.MistralAiApplicationTests]: MistralAiApplicationTests does not declare any static, non-private, non-final, nested classes annotated with @Configuration.
17:14:50.185 [main] INFO org.springframework.boot.test.context.SpringBootTestContextBootstrapper -- Found @SpringBootConfiguration com.ai_project.MistralAi.MistralAiApplication for test class com.ai_project.MistralAi.MistralAiApplicationTests
17:14:51.201 [main] INFO org.springframework.boot.devtools.restart.RestartApplicationListener -- Restart disabled due to context in which it is running

  .   ____          _            __ _ _
 /\\ / ___'_ __ _ _(_)_ __  __ _ \ \ \ \
( ( )\___ | '_ | '_| | '_ \/ _` | \ \ \ \
 \\/  ___)| |_)| | | | | || (_| |  ) ) ) )
  '  |____| .__|_| |_|_| |_\__, | / / / /
 =========|_|==============|___/=/_/_/_/

 :: Spring Boot ::                (v3.4.0)

2024-11-27T17:14:52.839+05:30  INFO 11212 --- [MistralAi] [           main] c.a.MistralAi.MistralAiApplicationTests  : Starting MistralAiApplicationTests using Java 20.0.2 with PID 11212 (started by ccsnpr in C:\Users\ccsnpr\Desktop\Fresh Work\Workspace\demoProject\Backend\MistralAi)
2024-11-27T17:14:52.855+05:30  INFO 11212 --- [MistralAi] [           main] c.a.MistralAi.MistralAiApplicationTests  : No active profile set, falling back to 1 default profile: "default"
2024-11-27T17:15:02.828+05:30  INFO 11212 --- [MistralAi] [           main] c.a.MistralAi.MistralAiApplicationTests  : Started MistralAiApplicationTests in 11.689 seconds (process running for 17.723)
]]></system-out>
  </testcase>
</testsuite>